<?xml version="1.0" encoding="UTF-8"?>
<testsuite xmlns:xsi="http://www.w3.org/2001/XMLSchema-instance" xsi:noNamespaceSchemaLocation="https://maven.apache.org/surefire/maven-surefire-plugin/xsd/surefire-test-report.xsd" name="com.github.ebaptistella.datedatatypejson.server.controller.TransferDataControllerTest" time="2.273" tests="1" errors="0" skipped="0" failures="1">
  <properties>
    <property name="sun.desktop" value="windows"/>
    <property name="awt.toolkit" value="sun.awt.windows.WToolkit"/>
    <property name="file.encoding.pkg" value="sun.io"/>
    <property name="java.specification.version" value="1.8"/>
    <property name="sun.cpu.isalist" value="amd64"/>
    <property name="sun.jnu.encoding" value="Cp1252"/>
    <property name="java.class.path" value="D:\dsv-git\dsv-java-prototipos\date-datatype-json\server\target\test-classes;D:\dsv-git\dsv-java-prototipos\date-datatype-json\server\target\classes;D:\dsv-git\dsv-java-prototipos\date-datatype-json\util\target\util-0.0.1-SNAPSHOT.jar;D:\dsv-git\dsv-java-prototipos\date-datatype-json\dto\target\dto-0.0.1-SNAPSHOT.jar;D:\Ferramentas\apache-maven-3.6.2\Repository\org\projectlombok\lombok\1.18.10\lombok-1.18.10.jar;D:\Ferramentas\apache-maven-3.6.2\Repository\org\springframework\boot\spring-boot-devtools\2.2.1.RELEASE\spring-boot-devtools-2.2.1.RELEASE.jar;D:\Ferramentas\apache-maven-3.6.2\Repository\org\springframework\boot\spring-boot\2.2.1.RELEASE\spring-boot-2.2.1.RELEASE.jar;D:\Ferramentas\apache-maven-3.6.2\Repository\org\springframework\spring-context\5.2.1.RELEASE\spring-context-5.2.1.RELEASE.jar;D:\Ferramentas\apache-maven-3.6.2\Repository\org\springframework\boot\spring-boot-autoconfigure\2.2.1.RELEASE\spring-boot-autoconfigure-2.2.1.RELEASE.jar;D:\Ferramentas\apache-maven-3.6.2\Repository\org\springframework\boot\spring-boot-starter\2.2.1.RELEASE\spring-boot-starter-2.2.1.RELEASE.jar;D:\Ferramentas\apache-maven-3.6.2\Repository\org\springframework\boot\spring-boot-starter-logging\2.2.1.RELEASE\spring-boot-starter-logging-2.2.1.RELEASE.jar;D:\Ferramentas\apache-maven-3.6.2\Repository\ch\qos\logback\logback-classic\1.2.3\logback-classic-1.2.3.jar;D:\Ferramentas\apache-maven-3.6.2\Repository\ch\qos\logback\logback-core\1.2.3\logback-core-1.2.3.jar;D:\Ferramentas\apache-maven-3.6.2\Repository\org\apache\logging\log4j\log4j-to-slf4j\2.12.1\log4j-to-slf4j-2.12.1.jar;D:\Ferramentas\apache-maven-3.6.2\Repository\org\apache\logging\log4j\log4j-api\2.12.1\log4j-api-2.12.1.jar;D:\Ferramentas\apache-maven-3.6.2\Repository\org\slf4j\jul-to-slf4j\1.7.29\jul-to-slf4j-1.7.29.jar;D:\Ferramentas\apache-maven-3.6.2\Repository\jakarta\annotation\jakarta.annotation-api\1.3.5\jakarta.annotation-api-1.3.5.jar;D:\Ferramentas\apache-maven-3.6.2\Repository\org\springframework\spring-core\5.2.1.RELEASE\spring-core-5.2.1.RELEASE.jar;D:\Ferramentas\apache-maven-3.6.2\Repository\org\springframework\spring-jcl\5.2.1.RELEASE\spring-jcl-5.2.1.RELEASE.jar;D:\Ferramentas\apache-maven-3.6.2\Repository\org\yaml\snakeyaml\1.25\snakeyaml-1.25.jar;D:\Ferramentas\apache-maven-3.6.2\Repository\org\springframework\boot\spring-boot-starter-web\2.2.1.RELEASE\spring-boot-starter-web-2.2.1.RELEASE.jar;D:\Ferramentas\apache-maven-3.6.2\Repository\org\springframework\boot\spring-boot-starter-json\2.2.1.RELEASE\spring-boot-starter-json-2.2.1.RELEASE.jar;D:\Ferramentas\apache-maven-3.6.2\Repository\com\fasterxml\jackson\core\jackson-databind\2.10.0\jackson-databind-2.10.0.jar;D:\Ferramentas\apache-maven-3.6.2\Repository\com\fasterxml\jackson\core\jackson-annotations\2.10.0\jackson-annotations-2.10.0.jar;D:\Ferramentas\apache-maven-3.6.2\Repository\com\fasterxml\jackson\core\jackson-core\2.10.0\jackson-core-2.10.0.jar;D:\Ferramentas\apache-maven-3.6.2\Repository\com\fasterxml\jackson\datatype\jackson-datatype-jdk8\2.10.0\jackson-datatype-jdk8-2.10.0.jar;D:\Ferramentas\apache-maven-3.6.2\Repository\com\fasterxml\jackson\datatype\jackson-datatype-jsr310\2.10.0\jackson-datatype-jsr310-2.10.0.jar;D:\Ferramentas\apache-maven-3.6.2\Repository\com\fasterxml\jackson\module\jackson-module-parameter-names\2.10.0\jackson-module-parameter-names-2.10.0.jar;D:\Ferramentas\apache-maven-3.6.2\Repository\org\springframework\boot\spring-boot-starter-tomcat\2.2.1.RELEASE\spring-boot-starter-tomcat-2.2.1.RELEASE.jar;D:\Ferramentas\apache-maven-3.6.2\Repository\org\apache\tomcat\embed\tomcat-embed-core\9.0.27\tomcat-embed-core-9.0.27.jar;D:\Ferramentas\apache-maven-3.6.2\Repository\org\apache\tomcat\embed\tomcat-embed-el\9.0.27\tomcat-embed-el-9.0.27.jar;D:\Ferramentas\apache-maven-3.6.2\Repository\org\apache\tomcat\embed\tomcat-embed-websocket\9.0.27\tomcat-embed-websocket-9.0.27.jar;D:\Ferramentas\apache-maven-3.6.2\Repository\org\springframework\boot\spring-boot-starter-validation\2.2.1.RELEASE\spring-boot-starter-validation-2.2.1.RELEASE.jar;D:\Ferramentas\apache-maven-3.6.2\Repository\jakarta\validation\jakarta.validation-api\2.0.1\jakarta.validation-api-2.0.1.jar;D:\Ferramentas\apache-maven-3.6.2\Repository\org\hibernate\validator\hibernate-validator\6.0.18.Final\hibernate-validator-6.0.18.Final.jar;D:\Ferramentas\apache-maven-3.6.2\Repository\org\jboss\logging\jboss-logging\3.4.1.Final\jboss-logging-3.4.1.Final.jar;D:\Ferramentas\apache-maven-3.6.2\Repository\com\fasterxml\classmate\1.5.1\classmate-1.5.1.jar;D:\Ferramentas\apache-maven-3.6.2\Repository\org\springframework\spring-web\5.2.1.RELEASE\spring-web-5.2.1.RELEASE.jar;D:\Ferramentas\apache-maven-3.6.2\Repository\org\springframework\spring-beans\5.2.1.RELEASE\spring-beans-5.2.1.RELEASE.jar;D:\Ferramentas\apache-maven-3.6.2\Repository\org\springframework\spring-webmvc\5.2.1.RELEASE\spring-webmvc-5.2.1.RELEASE.jar;D:\Ferramentas\apache-maven-3.6.2\Repository\org\springframework\spring-aop\5.2.1.RELEASE\spring-aop-5.2.1.RELEASE.jar;D:\Ferramentas\apache-maven-3.6.2\Repository\org\springframework\spring-expression\5.2.1.RELEASE\spring-expression-5.2.1.RELEASE.jar;D:\Ferramentas\apache-maven-3.6.2\Repository\org\springframework\boot\spring-boot-configuration-processor\2.2.1.RELEASE\spring-boot-configuration-processor-2.2.1.RELEASE.jar;D:\Ferramentas\apache-maven-3.6.2\Repository\org\springframework\boot\spring-boot-starter-test\2.2.1.RELEASE\spring-boot-starter-test-2.2.1.RELEASE.jar;D:\Ferramentas\apache-maven-3.6.2\Repository\org\springframework\boot\spring-boot-test\2.2.1.RELEASE\spring-boot-test-2.2.1.RELEASE.jar;D:\Ferramentas\apache-maven-3.6.2\Repository\org\springframework\boot\spring-boot-test-autoconfigure\2.2.1.RELEASE\spring-boot-test-autoconfigure-2.2.1.RELEASE.jar;D:\Ferramentas\apache-maven-3.6.2\Repository\com\jayway\jsonpath\json-path\2.4.0\json-path-2.4.0.jar;D:\Ferramentas\apache-maven-3.6.2\Repository\net\minidev\json-smart\2.3\json-smart-2.3.jar;D:\Ferramentas\apache-maven-3.6.2\Repository\net\minidev\accessors-smart\1.2\accessors-smart-1.2.jar;D:\Ferramentas\apache-maven-3.6.2\Repository\org\ow2\asm\asm\5.0.4\asm-5.0.4.jar;D:\Ferramentas\apache-maven-3.6.2\Repository\org\slf4j\slf4j-api\1.7.29\slf4j-api-1.7.29.jar;D:\Ferramentas\apache-maven-3.6.2\Repository\jakarta\xml\bind\jakarta.xml.bind-api\2.3.2\jakarta.xml.bind-api-2.3.2.jar;D:\Ferramentas\apache-maven-3.6.2\Repository\jakarta\activation\jakarta.activation-api\1.2.1\jakarta.activation-api-1.2.1.jar;D:\Ferramentas\apache-maven-3.6.2\Repository\org\junit\jupiter\junit-jupiter\5.5.2\junit-jupiter-5.5.2.jar;D:\Ferramentas\apache-maven-3.6.2\Repository\org\junit\jupiter\junit-jupiter-api\5.5.2\junit-jupiter-api-5.5.2.jar;D:\Ferramentas\apache-maven-3.6.2\Repository\org\opentest4j\opentest4j\1.2.0\opentest4j-1.2.0.jar;D:\Ferramentas\apache-maven-3.6.2\Repository\org\junit\platform\junit-platform-commons\1.5.2\junit-platform-commons-1.5.2.jar;D:\Ferramentas\apache-maven-3.6.2\Repository\org\junit\jupiter\junit-jupiter-params\5.5.2\junit-jupiter-params-5.5.2.jar;D:\Ferramentas\apache-maven-3.6.2\Repository\org\junit\jupiter\junit-jupiter-engine\5.5.2\junit-jupiter-engine-5.5.2.jar;D:\Ferramentas\apache-maven-3.6.2\Repository\org\junit\vintage\junit-vintage-engine\5.5.2\junit-vintage-engine-5.5.2.jar;D:\Ferramentas\apache-maven-3.6.2\Repository\org\apiguardian\apiguardian-api\1.1.0\apiguardian-api-1.1.0.jar;D:\Ferramentas\apache-maven-3.6.2\Repository\org\junit\platform\junit-platform-engine\1.5.2\junit-platform-engine-1.5.2.jar;D:\Ferramentas\apache-maven-3.6.2\Repository\junit\junit\4.12\junit-4.12.jar;D:\Ferramentas\apache-maven-3.6.2\Repository\org\mockito\mockito-junit-jupiter\3.1.0\mockito-junit-jupiter-3.1.0.jar;D:\Ferramentas\apache-maven-3.6.2\Repository\org\assertj\assertj-core\3.13.2\assertj-core-3.13.2.jar;D:\Ferramentas\apache-maven-3.6.2\Repository\org\hamcrest\hamcrest\2.1\hamcrest-2.1.jar;D:\Ferramentas\apache-maven-3.6.2\Repository\org\mockito\mockito-core\3.1.0\mockito-core-3.1.0.jar;D:\Ferramentas\apache-maven-3.6.2\Repository\net\bytebuddy\byte-buddy\1.10.2\byte-buddy-1.10.2.jar;D:\Ferramentas\apache-maven-3.6.2\Repository\net\bytebuddy\byte-buddy-agent\1.10.2\byte-buddy-agent-1.10.2.jar;D:\Ferramentas\apache-maven-3.6.2\Repository\org\objenesis\objenesis\2.6\objenesis-2.6.jar;D:\Ferramentas\apache-maven-3.6.2\Repository\org\skyscreamer\jsonassert\1.5.0\jsonassert-1.5.0.jar;D:\Ferramentas\apache-maven-3.6.2\Repository\com\vaadin\external\google\android-json\0.0.20131108.vaadin1\android-json-0.0.20131108.vaadin1.jar;D:\Ferramentas\apache-maven-3.6.2\Repository\org\springframework\spring-test\5.2.1.RELEASE\spring-test-5.2.1.RELEASE.jar;D:\Ferramentas\apache-maven-3.6.2\Repository\org\xmlunit\xmlunit-core\2.6.3\xmlunit-core-2.6.3.jar;D:\Ferramentas\apache-maven-3.6.2\Repository\org\springframework\security\spring-security-test\5.2.1.RELEASE\spring-security-test-5.2.1.RELEASE.jar;D:\Ferramentas\apache-maven-3.6.2\Repository\org\springframework\security\spring-security-core\5.2.1.RELEASE\spring-security-core-5.2.1.RELEASE.jar;D:\Ferramentas\apache-maven-3.6.2\Repository\org\springframework\security\spring-security-web\5.2.1.RELEASE\spring-security-web-5.2.1.RELEASE.jar;D:\Ferramentas\apache-maven-3.6.2\Repository\joda-time\joda-time\2.10.5\joda-time-2.10.5.jar;"/>
    <property name="java.vm.vendor" value="Oracle Corporation"/>
    <property name="sun.arch.data.model" value="64"/>
    <property name="user.variant" value=""/>
    <property name="java.vendor.url" value="http://java.oracle.com/"/>
    <property name="user.timezone" value="GMT-03:00"/>
    <property name="java.vm.specification.version" value="1.8"/>
    <property name="os.name" value="Windows 10"/>
    <property name="user.country" value="BR"/>
    <property name="sun.java.launcher" value="SUN_STANDARD"/>
    <property name="sun.boot.library.path" value="D:\Ferramentas\java\jdk1.8.0_231\jre\bin"/>
    <property name="sun.java.command" value="C:\Users\S142\AppData\Local\Temp\surefire1692787580512742879\surefirebooter7084461157482595272.jar C:\Users\S142\AppData\Local\Temp\surefire1692787580512742879 2019-11-27T17-19-36_400-jvmRun1 surefire2444811018498296728tmp surefire_07900714629695951525tmp"/>
    <property name="surefire.test.class.path" value="D:\dsv-git\dsv-java-prototipos\date-datatype-json\server\target\test-classes;D:\dsv-git\dsv-java-prototipos\date-datatype-json\server\target\classes;D:\dsv-git\dsv-java-prototipos\date-datatype-json\util\target\util-0.0.1-SNAPSHOT.jar;D:\dsv-git\dsv-java-prototipos\date-datatype-json\dto\target\dto-0.0.1-SNAPSHOT.jar;D:\Ferramentas\apache-maven-3.6.2\Repository\org\projectlombok\lombok\1.18.10\lombok-1.18.10.jar;D:\Ferramentas\apache-maven-3.6.2\Repository\org\springframework\boot\spring-boot-devtools\2.2.1.RELEASE\spring-boot-devtools-2.2.1.RELEASE.jar;D:\Ferramentas\apache-maven-3.6.2\Repository\org\springframework\boot\spring-boot\2.2.1.RELEASE\spring-boot-2.2.1.RELEASE.jar;D:\Ferramentas\apache-maven-3.6.2\Repository\org\springframework\spring-context\5.2.1.RELEASE\spring-context-5.2.1.RELEASE.jar;D:\Ferramentas\apache-maven-3.6.2\Repository\org\springframework\boot\spring-boot-autoconfigure\2.2.1.RELEASE\spring-boot-autoconfigure-2.2.1.RELEASE.jar;D:\Ferramentas\apache-maven-3.6.2\Repository\org\springframework\boot\spring-boot-starter\2.2.1.RELEASE\spring-boot-starter-2.2.1.RELEASE.jar;D:\Ferramentas\apache-maven-3.6.2\Repository\org\springframework\boot\spring-boot-starter-logging\2.2.1.RELEASE\spring-boot-starter-logging-2.2.1.RELEASE.jar;D:\Ferramentas\apache-maven-3.6.2\Repository\ch\qos\logback\logback-classic\1.2.3\logback-classic-1.2.3.jar;D:\Ferramentas\apache-maven-3.6.2\Repository\ch\qos\logback\logback-core\1.2.3\logback-core-1.2.3.jar;D:\Ferramentas\apache-maven-3.6.2\Repository\org\apache\logging\log4j\log4j-to-slf4j\2.12.1\log4j-to-slf4j-2.12.1.jar;D:\Ferramentas\apache-maven-3.6.2\Repository\org\apache\logging\log4j\log4j-api\2.12.1\log4j-api-2.12.1.jar;D:\Ferramentas\apache-maven-3.6.2\Repository\org\slf4j\jul-to-slf4j\1.7.29\jul-to-slf4j-1.7.29.jar;D:\Ferramentas\apache-maven-3.6.2\Repository\jakarta\annotation\jakarta.annotation-api\1.3.5\jakarta.annotation-api-1.3.5.jar;D:\Ferramentas\apache-maven-3.6.2\Repository\org\springframework\spring-core\5.2.1.RELEASE\spring-core-5.2.1.RELEASE.jar;D:\Ferramentas\apache-maven-3.6.2\Repository\org\springframework\spring-jcl\5.2.1.RELEASE\spring-jcl-5.2.1.RELEASE.jar;D:\Ferramentas\apache-maven-3.6.2\Repository\org\yaml\snakeyaml\1.25\snakeyaml-1.25.jar;D:\Ferramentas\apache-maven-3.6.2\Repository\org\springframework\boot\spring-boot-starter-web\2.2.1.RELEASE\spring-boot-starter-web-2.2.1.RELEASE.jar;D:\Ferramentas\apache-maven-3.6.2\Repository\org\springframework\boot\spring-boot-starter-json\2.2.1.RELEASE\spring-boot-starter-json-2.2.1.RELEASE.jar;D:\Ferramentas\apache-maven-3.6.2\Repository\com\fasterxml\jackson\core\jackson-databind\2.10.0\jackson-databind-2.10.0.jar;D:\Ferramentas\apache-maven-3.6.2\Repository\com\fasterxml\jackson\core\jackson-annotations\2.10.0\jackson-annotations-2.10.0.jar;D:\Ferramentas\apache-maven-3.6.2\Repository\com\fasterxml\jackson\core\jackson-core\2.10.0\jackson-core-2.10.0.jar;D:\Ferramentas\apache-maven-3.6.2\Repository\com\fasterxml\jackson\datatype\jackson-datatype-jdk8\2.10.0\jackson-datatype-jdk8-2.10.0.jar;D:\Ferramentas\apache-maven-3.6.2\Repository\com\fasterxml\jackson\datatype\jackson-datatype-jsr310\2.10.0\jackson-datatype-jsr310-2.10.0.jar;D:\Ferramentas\apache-maven-3.6.2\Repository\com\fasterxml\jackson\module\jackson-module-parameter-names\2.10.0\jackson-module-parameter-names-2.10.0.jar;D:\Ferramentas\apache-maven-3.6.2\Repository\org\springframework\boot\spring-boot-starter-tomcat\2.2.1.RELEASE\spring-boot-starter-tomcat-2.2.1.RELEASE.jar;D:\Ferramentas\apache-maven-3.6.2\Repository\org\apache\tomcat\embed\tomcat-embed-core\9.0.27\tomcat-embed-core-9.0.27.jar;D:\Ferramentas\apache-maven-3.6.2\Repository\org\apache\tomcat\embed\tomcat-embed-el\9.0.27\tomcat-embed-el-9.0.27.jar;D:\Ferramentas\apache-maven-3.6.2\Repository\org\apache\tomcat\embed\tomcat-embed-websocket\9.0.27\tomcat-embed-websocket-9.0.27.jar;D:\Ferramentas\apache-maven-3.6.2\Repository\org\springframework\boot\spring-boot-starter-validation\2.2.1.RELEASE\spring-boot-starter-validation-2.2.1.RELEASE.jar;D:\Ferramentas\apache-maven-3.6.2\Repository\jakarta\validation\jakarta.validation-api\2.0.1\jakarta.validation-api-2.0.1.jar;D:\Ferramentas\apache-maven-3.6.2\Repository\org\hibernate\validator\hibernate-validator\6.0.18.Final\hibernate-validator-6.0.18.Final.jar;D:\Ferramentas\apache-maven-3.6.2\Repository\org\jboss\logging\jboss-logging\3.4.1.Final\jboss-logging-3.4.1.Final.jar;D:\Ferramentas\apache-maven-3.6.2\Repository\com\fasterxml\classmate\1.5.1\classmate-1.5.1.jar;D:\Ferramentas\apache-maven-3.6.2\Repository\org\springframework\spring-web\5.2.1.RELEASE\spring-web-5.2.1.RELEASE.jar;D:\Ferramentas\apache-maven-3.6.2\Repository\org\springframework\spring-beans\5.2.1.RELEASE\spring-beans-5.2.1.RELEASE.jar;D:\Ferramentas\apache-maven-3.6.2\Repository\org\springframework\spring-webmvc\5.2.1.RELEASE\spring-webmvc-5.2.1.RELEASE.jar;D:\Ferramentas\apache-maven-3.6.2\Repository\org\springframework\spring-aop\5.2.1.RELEASE\spring-aop-5.2.1.RELEASE.jar;D:\Ferramentas\apache-maven-3.6.2\Repository\org\springframework\spring-expression\5.2.1.RELEASE\spring-expression-5.2.1.RELEASE.jar;D:\Ferramentas\apache-maven-3.6.2\Repository\org\springframework\boot\spring-boot-configuration-processor\2.2.1.RELEASE\spring-boot-configuration-processor-2.2.1.RELEASE.jar;D:\Ferramentas\apache-maven-3.6.2\Repository\org\springframework\boot\spring-boot-starter-test\2.2.1.RELEASE\spring-boot-starter-test-2.2.1.RELEASE.jar;D:\Ferramentas\apache-maven-3.6.2\Repository\org\springframework\boot\spring-boot-test\2.2.1.RELEASE\spring-boot-test-2.2.1.RELEASE.jar;D:\Ferramentas\apache-maven-3.6.2\Repository\org\springframework\boot\spring-boot-test-autoconfigure\2.2.1.RELEASE\spring-boot-test-autoconfigure-2.2.1.RELEASE.jar;D:\Ferramentas\apache-maven-3.6.2\Repository\com\jayway\jsonpath\json-path\2.4.0\json-path-2.4.0.jar;D:\Ferramentas\apache-maven-3.6.2\Repository\net\minidev\json-smart\2.3\json-smart-2.3.jar;D:\Ferramentas\apache-maven-3.6.2\Repository\net\minidev\accessors-smart\1.2\accessors-smart-1.2.jar;D:\Ferramentas\apache-maven-3.6.2\Repository\org\ow2\asm\asm\5.0.4\asm-5.0.4.jar;D:\Ferramentas\apache-maven-3.6.2\Repository\org\slf4j\slf4j-api\1.7.29\slf4j-api-1.7.29.jar;D:\Ferramentas\apache-maven-3.6.2\Repository\jakarta\xml\bind\jakarta.xml.bind-api\2.3.2\jakarta.xml.bind-api-2.3.2.jar;D:\Ferramentas\apache-maven-3.6.2\Repository\jakarta\activation\jakarta.activation-api\1.2.1\jakarta.activation-api-1.2.1.jar;D:\Ferramentas\apache-maven-3.6.2\Repository\org\junit\jupiter\junit-jupiter\5.5.2\junit-jupiter-5.5.2.jar;D:\Ferramentas\apache-maven-3.6.2\Repository\org\junit\jupiter\junit-jupiter-api\5.5.2\junit-jupiter-api-5.5.2.jar;D:\Ferramentas\apache-maven-3.6.2\Repository\org\opentest4j\opentest4j\1.2.0\opentest4j-1.2.0.jar;D:\Ferramentas\apache-maven-3.6.2\Repository\org\junit\platform\junit-platform-commons\1.5.2\junit-platform-commons-1.5.2.jar;D:\Ferramentas\apache-maven-3.6.2\Repository\org\junit\jupiter\junit-jupiter-params\5.5.2\junit-jupiter-params-5.5.2.jar;D:\Ferramentas\apache-maven-3.6.2\Repository\org\junit\jupiter\junit-jupiter-engine\5.5.2\junit-jupiter-engine-5.5.2.jar;D:\Ferramentas\apache-maven-3.6.2\Repository\org\junit\vintage\junit-vintage-engine\5.5.2\junit-vintage-engine-5.5.2.jar;D:\Ferramentas\apache-maven-3.6.2\Repository\org\apiguardian\apiguardian-api\1.1.0\apiguardian-api-1.1.0.jar;D:\Ferramentas\apache-maven-3.6.2\Repository\org\junit\platform\junit-platform-engine\1.5.2\junit-platform-engine-1.5.2.jar;D:\Ferramentas\apache-maven-3.6.2\Repository\junit\junit\4.12\junit-4.12.jar;D:\Ferramentas\apache-maven-3.6.2\Repository\org\mockito\mockito-junit-jupiter\3.1.0\mockito-junit-jupiter-3.1.0.jar;D:\Ferramentas\apache-maven-3.6.2\Repository\org\assertj\assertj-core\3.13.2\assertj-core-3.13.2.jar;D:\Ferramentas\apache-maven-3.6.2\Repository\org\hamcrest\hamcrest\2.1\hamcrest-2.1.jar;D:\Ferramentas\apache-maven-3.6.2\Repository\org\mockito\mockito-core\3.1.0\mockito-core-3.1.0.jar;D:\Ferramentas\apache-maven-3.6.2\Repository\net\bytebuddy\byte-buddy\1.10.2\byte-buddy-1.10.2.jar;D:\Ferramentas\apache-maven-3.6.2\Repository\net\bytebuddy\byte-buddy-agent\1.10.2\byte-buddy-agent-1.10.2.jar;D:\Ferramentas\apache-maven-3.6.2\Repository\org\objenesis\objenesis\2.6\objenesis-2.6.jar;D:\Ferramentas\apache-maven-3.6.2\Repository\org\skyscreamer\jsonassert\1.5.0\jsonassert-1.5.0.jar;D:\Ferramentas\apache-maven-3.6.2\Repository\com\vaadin\external\google\android-json\0.0.20131108.vaadin1\android-json-0.0.20131108.vaadin1.jar;D:\Ferramentas\apache-maven-3.6.2\Repository\org\springframework\spring-test\5.2.1.RELEASE\spring-test-5.2.1.RELEASE.jar;D:\Ferramentas\apache-maven-3.6.2\Repository\org\xmlunit\xmlunit-core\2.6.3\xmlunit-core-2.6.3.jar;D:\Ferramentas\apache-maven-3.6.2\Repository\org\springframework\security\spring-security-test\5.2.1.RELEASE\spring-security-test-5.2.1.RELEASE.jar;D:\Ferramentas\apache-maven-3.6.2\Repository\org\springframework\security\spring-security-core\5.2.1.RELEASE\spring-security-core-5.2.1.RELEASE.jar;D:\Ferramentas\apache-maven-3.6.2\Repository\org\springframework\security\spring-security-web\5.2.1.RELEASE\spring-security-web-5.2.1.RELEASE.jar;D:\Ferramentas\apache-maven-3.6.2\Repository\joda-time\joda-time\2.10.5\joda-time-2.10.5.jar;"/>
    <property name="sun.cpu.endian" value="little"/>
    <property name="user.home" value="C:\Users\S142"/>
    <property name="user.language" value="pt"/>
    <property name="java.specification.vendor" value="Oracle Corporation"/>
    <property name="java.home" value="D:\Ferramentas\java\jdk1.8.0_231\jre"/>
    <property name="basedir" value="D:\dsv-git\dsv-java-prototipos\date-datatype-json\server"/>
    <property name="file.separator" value="\"/>
    <property name="line.separator" value="&#10;"/>
    <property name="java.vm.specification.vendor" value="Oracle Corporation"/>
    <property name="java.specification.name" value="Java Platform API Specification"/>
    <property name="java.awt.graphicsenv" value="sun.awt.Win32GraphicsEnvironment"/>
    <property name="surefire.real.class.path" value="C:\Users\S142\AppData\Local\Temp\surefire1692787580512742879\surefirebooter7084461157482595272.jar"/>
    <property name="sun.boot.class.path" value="D:\Ferramentas\java\jdk1.8.0_231\jre\lib\resources.jar;D:\Ferramentas\java\jdk1.8.0_231\jre\lib\rt.jar;D:\Ferramentas\java\jdk1.8.0_231\jre\lib\sunrsasign.jar;D:\Ferramentas\java\jdk1.8.0_231\jre\lib\jsse.jar;D:\Ferramentas\java\jdk1.8.0_231\jre\lib\jce.jar;D:\Ferramentas\java\jdk1.8.0_231\jre\lib\charsets.jar;D:\Ferramentas\java\jdk1.8.0_231\jre\lib\jfr.jar;D:\Ferramentas\java\jdk1.8.0_231\jre\classes"/>
    <property name="user.script" value=""/>
    <property name="sun.management.compiler" value="HotSpot 64-Bit Tiered Compilers"/>
    <property name="java.runtime.version" value="1.8.0_231-b11"/>
    <property name="user.name" value="S142"/>
    <property name="path.separator" value=";"/>
    <property name="os.version" value="10.0"/>
    <property name="java.endorsed.dirs" value="D:\Ferramentas\java\jdk1.8.0_231\jre\lib\endorsed"/>
    <property name="java.runtime.name" value="Java(TM) SE Runtime Environment"/>
    <property name="file.encoding" value="Cp1252"/>
    <property name="java.vm.name" value="Java HotSpot(TM) 64-Bit Server VM"/>
    <property name="localRepository" value="D:\Ferramentas\apache-maven-3.6.2\Repository"/>
    <property name="java.vendor.url.bug" value="http://bugreport.sun.com/bugreport/"/>
    <property name="java.io.tmpdir" value="C:\Users\S142\AppData\Local\Temp\"/>
    <property name="java.version" value="1.8.0_231"/>
    <property name="user.dir" value="D:\dsv-git\dsv-java-prototipos\date-datatype-json\server"/>
    <property name="os.arch" value="amd64"/>
    <property name="java.vm.specification.name" value="Java Virtual Machine Specification"/>
    <property name="java.awt.printerjob" value="sun.awt.windows.WPrinterJob"/>
    <property name="sun.os.patch.level" value=""/>
    <property name="java.library.path" value="D:\Ferramentas\java\jdk1.8.0_231\jre\bin;C:\Windows\Sun\Java\bin;C:\Windows\system32;C:\Windows;D:/Ferramentas/java/jdk1.8.0_231/bin/../jre/bin/server;D:/Ferramentas/java/jdk1.8.0_231/bin/../jre/bin;D:/Ferramentas/java/jdk1.8.0_231/bin/../jre/lib/amd64;C:\Program Files (x86)\Common Files\Oracle\Java\javapath_;C:\Program Files (x86)\Embarcadero\Studio\17.0\bin;C:\Users\Public\Documents\Embarcadero\Studio\17.0\Bpl;C:\Program Files (x86)\Embarcadero\Studio\17.0\bin64;C:\Users\Public\Documents\Embarcadero\Studio\17.0\Bpl\Win64;C:\Program Files (x86)\Embarcadero\RAD Studio\11.0\bin;C:\Users\Public\Documents\RAD Studio\11.0\Bpl;C:\Program Files (x86)\Embarcadero\RAD Studio\11.0\bin64;C:\Users\Public\Documents\RAD Studio\11.0\Bpl\Win64;C:\Program Files (x86)\WANdisco\Subversion;C:\ProgramData\Oracle\Java\javapath_;C:\Windows\system32;C:\Windows;C:\Windows\System32\Wbem;C:\Windows\System32\WindowsPowerShell\v1.0\;C:\Program Files\TortoiseSVN\bin;C:\PROGRA~2\Borland\Delphi6\Bin;C:\PROGRA~2\Borland\Delphi6\Projects\Bpl;C:\Program Files\PostgreSQL\9.6\bin;C:\Program Files\Git\cmd;C:\Program Files\OpenVPN\bin;D:\Ferramentas\java\jdk1.8.0_231\bin;D:\Ferramentas\apache-maven-3.6.2\bin;D:\Ferramentas\ruby26-x64\bin\;D:\ferramentas\SenchaCMD\bin\Sencha\Cmd\5.1.3.61;D:\Ferramentas\node-v10.15.1-win-x64\;D:\Ferramentas\Python3\;D:\Ferramentas\Python3\Lib\site-packages\;C:\Program Files\TortoiseGit\bin;C:\Users\S142\AppData\Local\Microsoft\WindowsApps;;D:\Ferramentas\eclipse;;."/>
    <property name="java.vm.info" value="mixed mode"/>
    <property name="java.vendor" value="Oracle Corporation"/>
    <property name="java.vm.version" value="25.231-b11"/>
    <property name="java.ext.dirs" value="D:\Ferramentas\java\jdk1.8.0_231\jre\lib\ext;C:\Windows\Sun\Java\lib\ext"/>
    <property name="sun.io.unicode.encoding" value="UnicodeLittle"/>
    <property name="java.class.version" value="52.0"/>
  </properties>
  <testcase name="getData" classname="com.github.ebaptistella.datedatatypejson.server.controller.TransferDataControllerTest" time="0.145">
    <failure message="Range for response status value 404 expected:&lt;SUCCESSFUL&gt; but was:&lt;CLIENT_ERROR&gt;" type="java.lang.AssertionError"><![CDATA[java.lang.AssertionError: Range for response status value 404 expected:<SUCCESSFUL> but was:<CLIENT_ERROR>
	at com.github.ebaptistella.datedatatypejson.server.controller.TransferDataControllerTest.getData(TransferDataControllerTest.java:49)
]]></failure>
    <system-out><![CDATA[
  .   ____          _            __ _ _
 /\\ / ___'_ __ _ _(_)_ __  __ _ \ \ \ \
( ( )\___ | '_ | '_| | '_ \/ _` | \ \ \ \
 \\/  ___)| |_)| | | | | || (_| |  ) ) ) )
  '  |____| .__|_| |_|_| |_\__, | / / / /
 =========|_|==============|___/=/_/_/_/
&amp#27;[32m :: Spring Boot :: &amp#27;[39m      &amp#27;[2m (v2.2.1.RELEASE)&amp#27;[0;39m

&amp#27;[2m2019-11-27 17:19:50.208&amp#27;[0;39m &amp#27;[32m INFO&amp#27;[0;39m &amp#27;[35m6468&amp#27;[0;39m &amp#27;[2m---&amp#27;[0;39m &amp#27;[2m[           main]&amp#27;[0;39m &amp#27;[36mc.g.e.d.s.c.TransferDataControllerTest  &amp#27;[0;39m &amp#27;[2m:&amp#27;[0;39m Starting TransferDataControllerTest on S0142 with PID 6468 (started by S142 in D:\dsv-git\dsv-java-prototipos\date-datatype-json\server)
&amp#27;[2m2019-11-27 17:19:50.216&amp#27;[0;39m &amp#27;[32mDEBUG&amp#27;[0;39m &amp#27;[35m6468&amp#27;[0;39m &amp#27;[2m---&amp#27;[0;39m &amp#27;[2m[           main]&amp#27;[0;39m &amp#27;[36mc.g.e.d.s.c.TransferDataControllerTest  &amp#27;[0;39m &amp#27;[2m:&amp#27;[0;39m Running with Spring Boot v2.2.1.RELEASE, Spring v5.2.1.RELEASE
&amp#27;[2m2019-11-27 17:19:50.219&amp#27;[0;39m &amp#27;[32m INFO&amp#27;[0;39m &amp#27;[35m6468&amp#27;[0;39m &amp#27;[2m---&amp#27;[0;39m &amp#27;[2m[           main]&amp#27;[0;39m &amp#27;[36mc.g.e.d.s.c.TransferDataControllerTest  &amp#27;[0;39m &amp#27;[2m:&amp#27;[0;39m The following profiles are active: production,development,test
&amp#27;[2m2019-11-27 17:19:51.512&amp#27;[0;39m &amp#27;[32m INFO&amp#27;[0;39m &amp#27;[35m6468&amp#27;[0;39m &amp#27;[2m---&amp#27;[0;39m &amp#27;[2m[           main]&amp#27;[0;39m &amp#27;[36mo.s.s.concurrent.ThreadPoolTaskExecutor &amp#27;[0;39m &amp#27;[2m:&amp#27;[0;39m Initializing ExecutorService 'applicationTaskExecutor'
&amp#27;[2m2019-11-27 17:19:52.049&amp#27;[0;39m &amp#27;[32m INFO&amp#27;[0;39m &amp#27;[35m6468&amp#27;[0;39m &amp#27;[2m---&amp#27;[0;39m &amp#27;[2m[           main]&amp#27;[0;39m &amp#27;[36mo.s.b.t.m.w.SpringBootMockServletContext&amp#27;[0;39m &amp#27;[2m:&amp#27;[0;39m Initializing Spring TestDispatcherServlet ''
&amp#27;[2m2019-11-27 17:19:52.049&amp#27;[0;39m &amp#27;[32m INFO&amp#27;[0;39m &amp#27;[35m6468&amp#27;[0;39m &amp#27;[2m---&amp#27;[0;39m &amp#27;[2m[           main]&amp#27;[0;39m &amp#27;[36mo.s.t.web.servlet.TestDispatcherServlet &amp#27;[0;39m &amp#27;[2m:&amp#27;[0;39m Initializing Servlet ''
&amp#27;[2m2019-11-27 17:19:52.090&amp#27;[0;39m &amp#27;[32m INFO&amp#27;[0;39m &amp#27;[35m6468&amp#27;[0;39m &amp#27;[2m---&amp#27;[0;39m &amp#27;[2m[           main]&amp#27;[0;39m &amp#27;[36mo.s.t.web.servlet.TestDispatcherServlet &amp#27;[0;39m &amp#27;[2m:&amp#27;[0;39m Completed initialization in 27 ms
&amp#27;[2m2019-11-27 17:19:52.124&amp#27;[0;39m &amp#27;[32m INFO&amp#27;[0;39m &amp#27;[35m6468&amp#27;[0;39m &amp#27;[2m---&amp#27;[0;39m &amp#27;[2m[           main]&amp#27;[0;39m &amp#27;[36mc.g.e.d.s.c.TransferDataControllerTest  &amp#27;[0;39m &amp#27;[2m:&amp#27;[0;39m Started TransferDataControllerTest in 2.078 seconds (JVM running for 6.63)
&amp#27;[2m2019-11-27 17:19:52.243&amp#27;[0;39m &amp#27;[33m WARN&amp#27;[0;39m &amp#27;[35m6468&amp#27;[0;39m &amp#27;[2m---&amp#27;[0;39m &amp#27;[2m[           main]&amp#27;[0;39m &amp#27;[36mo.s.web.servlet.PageNotFound            &amp#27;[0;39m &amp#27;[2m:&amp#27;[0;39m No mapping for GET transfer

MockHttpServletRequest:
      HTTP Method = GET
      Request URI = transfer
       Parameters = {}
          Headers = [Content-Type:"application/json", Accept:"application/json"]
             Body = <no character encoding set>
    Session Attrs = {}

Handler:
             Type = null

Async:
    Async started = false
     Async result = null

Resolved Exception:
             Type = null

ModelAndView:
        View name = null
             View = null
            Model = null

FlashMap:
       Attributes = null

MockHttpServletResponse:
           Status = 404
    Error message = null
          Headers = []
     Content type = null
             Body = 
    Forwarded URL = null
   Redirected URL = null
          Cookies = []

MockHttpServletRequest:
      HTTP Method = GET
      Request URI = transfer
       Parameters = {}
          Headers = [Content-Type:"application/json", Accept:"application/json"]
             Body = <no character encoding set>
    Session Attrs = {}

Handler:
             Type = null

Async:
    Async started = false
     Async result = null

Resolved Exception:
             Type = null

ModelAndView:
        View name = null
             View = null
            Model = null

FlashMap:
       Attributes = null

MockHttpServletResponse:
           Status = 404
    Error message = null
          Headers = []
     Content type = null
             Body = 
    Forwarded URL = null
   Redirected URL = null
          Cookies = []
]]></system-out>
  </testcase>
</testsuite>